# JRE version: Java(TM) SE Runtime Environment 18.9 (11.0.8+10) (build 11.0.8+10-LTS)
# Java VM: Java HotSpot(TM) 64-Bit Server VM 18.9 (11.0.8+10-LTS, mixed mode, tiered, compressed oops, parallel gc, windows-amd64)
Heap:
 PSYoungGen      total 10752K, used 6237K [0x00000000eab00000, 0x00000000eb600000, 0x0000000100000000)
  eden space 10240K, 58% used [0x00000000eab00000,0x00000000eb0df660,0x00000000eb500000)
  from space 512K, 43% used [0x00000000eb500000,0x00000000eb538000,0x00000000eb580000)
  to   space 512K, 0% used [0x00000000eb580000,0x00000000eb580000,0x00000000eb600000)
 ParOldGen       total 267264K, used 262766K [0x00000000c0000000, 0x00000000d0500000, 0x00000000eab00000)
  object space 267264K, 98% used [0x00000000c0000000,0x00000000d009b870,0x00000000d0500000)
 Metaspace       used 92856K, capacity 96781K, committed 97240K, reserved 1136640K
  class space    used 8420K, capacity 9836K, committed 9984K, reserved 1048576K
GC Heap History (10 events):
Event: 9481.854 GC heap before
{Heap before GC invocations=4728 (full 77):
 PSYoungGen      total 10752K, used 9035K [0x00000000eab00000, 0x00000000eb700000, 0x0000000100000000)
  eden space 10240K, 85% used [0x00000000eab00000,0x00000000eb392c78,0x00000000eb500000)
  from space 512K, 50% used [0x00000000eb580000,0x00000000eb5c0000,0x00000000eb600000)
  to   space 512K, 0% used [0x00000000eb500000,0x00000000eb500000,0x00000000eb580000)
 ParOldGen       total 267264K, used 262438K [0x00000000c0000000, 0x00000000d0500000, 0x00000000eab00000)
  object space 267264K, 98% used [0x00000000c0000000,0x00000000d0049870,0x00000000d0500000)
 Metaspace       used 92837K, capacity 96781K, committed 97240K, reserved 1136640K
  class space    used 8420K, capacity 9836K, committed 9984K, reserved 1048576K
}
Event: 9481.856 GC heap after
{Heap after GC invocations=4728 (full 77):
 PSYoungGen      total 10752K, used 128K [0x00000000eab00000, 0x00000000eb600000, 0x0000000100000000)
  eden space 10240K, 0% used [0x00000000eab00000,0x00000000eab00000,0x00000000eb500000)
  from space 512K, 25% used [0x00000000eb500000,0x00000000eb520000,0x00000000eb580000)
  to   space 512K, 0% used [0x00000000eb580000,0x00000000eb580000,0x00000000eb600000)
 ParOldGen       total 267264K, used 262510K [0x00000000c0000000, 0x00000000d0500000, 0x00000000eab00000)
  object space 267264K, 98% used [0x00000000c0000000,0x00000000d005b870,0x00000000d0500000)
 Metaspace       used 92837K, capacity 96781K, committed 97240K, reserved 1136640K
  class space    used 8420K, capacity 9836K, committed 9984K, reserved 1048576K
}
Event: 9481.883 GC heap before
{Heap before GC invocations=4729 (full 77):
 PSYoungGen      total 10752K, used 8935K [0x00000000eab00000, 0x00000000eb600000, 0x0000000100000000)
  eden space 10240K, 86% used [0x00000000eab00000,0x00000000eb399ee8,0x00000000eb500000)
  from space 512K, 25% used [0x00000000eb500000,0x00000000eb520000,0x00000000eb580000)
  to   space 512K, 0% used [0x00000000eb580000,0x00000000eb580000,0x00000000eb600000)
 ParOldGen       total 267264K, used 262510K [0x00000000c0000000, 0x00000000d0500000, 0x00000000eab00000)
  object space 267264K, 98% used [0x00000000c0000000,0x00000000d005b870,0x00000000d0500000)
 Metaspace       used 92837K, capacity 96781K, committed 97240K, reserved 1136640K
  class space    used 8420K, capacity 9836K, committed 9984K, reserved 1048576K
}
Event: 9481.885 GC heap after
{Heap after GC invocations=4729 (full 77):
 PSYoungGen      total 10752K, used 224K [0x00000000eab00000, 0x00000000eb600000, 0x0000000100000000)
  eden space 10240K, 0% used [0x00000000eab00000,0x00000000eab00000,0x00000000eb500000)
  from space 512K, 43% used [0x00000000eb580000,0x00000000eb5b8000,0x00000000eb600000)
  to   space 512K, 0% used [0x00000000eb500000,0x00000000eb500000,0x00000000eb580000)
 ParOldGen       total 267264K, used 262566K [0x00000000c0000000, 0x00000000d0500000, 0x00000000eab00000)
  object space 267264K, 98% used [0x00000000c0000000,0x00000000d0069870,0x00000000d0500000)
 Metaspace       used 92837K, capacity 96781K, committed 97240K, reserved 1136640K
  class space    used 8420K, capacity 9836K, committed 9984K, reserved 1048576K
}
Event: 9481.905 GC heap before
{Heap before GC invocations=4730 (full 77):
 PSYoungGen      total 10752K, used 8993K [0x00000000eab00000, 0x00000000eb600000, 0x0000000100000000)
  eden space 10240K, 85% used [0x00000000eab00000,0x00000000eb390438,0x00000000eb500000)
  from space 512K, 43% used [0x00000000eb580000,0x00000000eb5b8000,0x00000000eb600000)
  to   space 512K, 0% used [0x00000000eb500000,0x00000000eb500000,0x00000000eb580000)
 ParOldGen       total 267264K, used 262566K [0x00000000c0000000, 0x00000000d0500000, 0x00000000eab00000)
  object space 267264K, 98% used [0x00000000c0000000,0x00000000d0069870,0x00000000d0500000)
 Metaspace       used 92837K, capacity 96781K, committed 97240K, reserved 1136640K
  class space    used 8420K, capacity 9836K, committed 9984K, reserved 1048576K
}
Event: 9481.907 GC heap after
{Heap after GC invocations=4730 (full 77):
 PSYoungGen      total 10752K, used 160K [0x00000000eab00000, 0x00000000eb600000, 0x0000000100000000)
  eden space 10240K, 0% used [0x00000000eab00000,0x00000000eab00000,0x00000000eb500000)
  from space 512K, 31% used [0x00000000eb500000,0x00000000eb528000,0x00000000eb580000)
  to   space 512K, 0% used [0x00000000eb580000,0x00000000eb580000,0x00000000eb600000)
 ParOldGen       total 267264K, used 262606K [0x00000000c0000000, 0x00000000d0500000, 0x00000000eab00000)
  object space 267264K, 98% used [0x00000000c0000000,0x00000000d0073870,0x00000000d0500000)
 Metaspace       used 92837K, capacity 96781K, committed 97240K, reserved 1136640K
  class space    used 8420K, capacity 9836K, committed 9984K, reserved 1048576K
}
Event: 9481.938 GC heap before
{Heap before GC invocations=4731 (full 77):
 PSYoungGen      total 10752K, used 10400K [0x00000000eab00000, 0x00000000eb600000, 0x0000000100000000)
  eden space 10240K, 100% used [0x00000000eab00000,0x00000000eb500000,0x00000000eb500000)
  from space 512K, 31% used [0x00000000eb500000,0x00000000eb528000,0x00000000eb580000)
  to   space 512K, 0% used [0x00000000eb580000,0x00000000eb580000,0x00000000eb600000)
 ParOldGen       total 267264K, used 262606K [0x00000000c0000000, 0x00000000d0500000, 0x00000000eab00000)
  object space 267264K, 98% used [0x00000000c0000000,0x00000000d0073870,0x00000000d0500000)
 Metaspace       used 92837K, capacity 96781K, committed 97240K, reserved 1136640K
  class space    used 8420K, capacity 9836K, committed 9984K, reserved 1048576K
}
Event: 9481.943 GC heap after
{Heap after GC invocations=4731 (full 77):
 PSYoungGen      total 10752K, used 192K [0x00000000eab00000, 0x00000000eb600000, 0x0000000100000000)
  eden space 10240K, 0% used [0x00000000eab00000,0x00000000eab00000,0x00000000eb500000)
  from space 512K, 37% used [0x00000000eb580000,0x00000000eb5b0000,0x00000000eb600000)
  to   space 512K, 0% used [0x00000000eb500000,0x00000000eb500000,0x00000000eb580000)
 ParOldGen       total 267264K, used 262654K [0x00000000c0000000, 0x00000000d0500000, 0x00000000eab00000)
  object space 267264K, 98% used [0x00000000c0000000,0x00000000d007f870,0x00000000d0500000)
 Metaspace       used 92837K, capacity 96781K, committed 97240K, reserved 1136640K
  class space    used 8420K, capacity 9836K, committed 9984K, reserved 1048576K
}
Event: 9482.200 GC heap before
{Heap before GC invocations=4732 (full 77):
 PSYoungGen      total 10752K, used 10432K [0x00000000eab00000, 0x00000000eb600000, 0x0000000100000000)
  eden space 10240K, 100% used [0x00000000eab00000,0x00000000eb500000,0x00000000eb500000)
  from space 512K, 37% used [0x00000000eb580000,0x00000000eb5b0000,0x00000000eb600000)
  to   space 512K, 0% used [0x00000000eb500000,0x00000000eb500000,0x00000000eb580000)
 ParOldGen       total 267264K, used 262654K [0x00000000c0000000, 0x00000000d0500000, 0x00000000eab00000)
  object space 267264K, 98% used [0x00000000c0000000,0x00000000d007f870,0x00000000d0500000)
 Metaspace       used 92844K, capacity 96781K, committed 97240K, reserved 1136640K
  class space    used 8420K, capacity 9836K, committed 9984K, reserved 1048576K
}
Event: 9482.202 GC heap after
{Heap after GC invocations=4732 (full 77):
 PSYoungGen      total 10752K, used 224K [0x00000000eab00000, 0x00000000eb600000, 0x0000000100000000)
  eden space 10240K, 0% used [0x00000000eab00000,0x00000000eab00000,0x00000000eb500000)
  from space 512K, 43% used [0x00000000eb500000,0x00000000eb538000,0x00000000eb580000)
  to   space 512K, 0% used [0x00000000eb580000,0x00000000eb580000,0x00000000eb600000)
 ParOldGen       total 267264K, used 262766K [0x00000000c0000000, 0x00000000d0500000, 0x00000000eab00000)
  object space 267264K, 98% used [0x00000000c0000000,0x00000000d009b870,0x00000000d0500000)
 Metaspace       used 92844K, capacity 96781K, committed 97240K, reserved 1136640K
  class space    used 8420K, capacity 9836K, committed 9984K, reserved 1048576K
}

